<?xml version="1.0" encoding="UTF-8"?>
<!-- Generated by org.testng.reporters.JUnitReportReporter -->
<testsuite hostname="DESKTOP-6AKTRL2" failures="0" tests="7" name="hopine2e.TestLogin" time="31.436" errors="0" timestamp="2023-02-07T05:25:36 CET" skipped="0">
  <testcase classname="hopine2e.TestLogin" name="testLoginPasseneger" time="1.931"/>
  <system-out/>
  <testcase classname="hopine2e.TestLogin" name="shouldOpenErrorForEmptyPassword" time="6.507"/>
  <system-out/>
  <testcase classname="hopine2e.TestLogin" name="shouldOpenSnackBarForBadCredentials" time="6.035"/>
  <system-out/>
  <testcase classname="hopine2e.TestLogin" name="testLoginDriver" time="1.319"/>
  <system-out/>
  <testcase classname="hopine2e.TestLogin" name="shouldOpenErrorForInvalidEmailFormat" time="5.673"/>
  <system-out/>
  <testcase classname="hopine2e.TestLogin" name="shouldOpenErrorForEmptyEmailField" time="8.667"/>
  <system-out/>
  <testcase classname="hopine2e.TestLogin" name="testLoginAdmin" time="1.304"/>
  <system-out/>
</testsuite> <!-- hopine2e.TestLogin -->
